<?xml version="1.0" encoding="UTF-8"?>
<!-- Generated by org.testng.reporters.JUnitReportReporter -->
<testsuite hostname="Kavita-ka-MacBook-Air.local" failures="0" tests="1" name="test.TestNG_Demo2" time="6.201" errors="0" timestamp="2025-05-06T10:25:09 IST" skipped="0">
  <testcase classname="test.TestNG_Demo2" name="googleSearch2" time="6.201"/>
</testsuite> <!-- test.TestNG_Demo2 -->
