<?xml version="1.0" encoding="UTF-8"?>
<!-- Generated by org.testng.reporters.JUnitReportReporter -->
<testsuite hostname="Kavita-ka-MacBook-Air.local" failures="0" tests="1" name="test.ExtentReportsDemoWithTestNG" time="6.183" errors="0" timestamp="2025-05-06T09:12:10 IST" skipped="0">
  <testcase classname="test.ExtentReportsDemoWithTestNG" name="test1" time="6.183"/>
</testsuite> <!-- test.ExtentReportsDemoWithTestNG -->
