<?xml version="1.0" encoding="UTF-8"?>
<!-- Generated by org.testng.reporters.JUnitReportReporter -->
<testsuite hostname="Kavita-ka-MacBook-Air.local" failures="0" tests="1" name="test.TestNG_Demo" time="6.136" errors="0" timestamp="2025-05-06T10:25:09 IST" skipped="0">
  <testcase classname="test.TestNG_Demo" name="googleSearch" time="6.136"/>
</testsuite> <!-- test.TestNG_Demo -->
